0 verbose cli /usr/local/nvm/versions/node/v22.14.0/bin/node /usr/local/nvm/versions/node/v22.14.0/bin/npm
1 info using npm@11.3.0
2 info using node@v22.14.0
3 silly config load:file:/usr/local/nvm/versions/node/v22.14.0/lib/node_modules/npm/npmrc
4 silly config load:file:/home/project324273846/Public1/backend/.npmrc
5 silly config load:file:/home/project324273846/.npmrc
6 silly config load:file:/usr/local/nvm/versions/node/v22.14.0/etc/npmrc
7 verbose title npm install mongoose
8 verbose argv "install" "mongoose"
9 verbose logfile logs-max:10 dir:/home/project324273846/.npm/_logs/2025-04-19T14_21_39_328Z-
10 verbose logfile /home/project324273846/.npm/_logs/2025-04-19T14_21_39_328Z-debug-0.log
11 silly logfile done cleaning log files
12 silly packumentCache heap:2197815296 maxSize:549453824 maxEntrySize:274726912
13 silly idealTree buildDeps
14 silly fetch manifest mongoose@*
15 silly packumentCache full:https://registry.npmjs.org/mongoose cache-miss
16 http fetch GET 200 https://registry.npmjs.org/mongoose 240ms (cache miss)
17 silly packumentCache full:https://registry.npmjs.org/mongoose set size:undefined disposed:false
18 silly placeDep ROOT mongoose@8.13.2 OK for:  want: *
19 silly fetch manifest bson@^6.10.3
20 silly packumentCache full:https://registry.npmjs.org/bson cache-miss
21 silly fetch manifest kareem@2.6.3
22 silly packumentCache full:https://registry.npmjs.org/kareem cache-miss
23 http fetch GET 200 https://registry.npmjs.org/bson 39ms (cache miss)
24 silly packumentCache full:https://registry.npmjs.org/bson set size:undefined disposed:false
25 silly fetch manifest mongodb@~6.15.0
26 silly packumentCache full:https://registry.npmjs.org/mongodb cache-miss
27 http fetch GET 200 https://registry.npmjs.org/kareem 65ms (cache miss)
28 silly packumentCache full:https://registry.npmjs.org/kareem set size:undefined disposed:false
29 silly fetch manifest mpath@0.9.0
30 silly packumentCache full:https://registry.npmjs.org/mpath cache-miss
31 http fetch GET 200 https://registry.npmjs.org/mpath 39ms (cache miss)
32 silly packumentCache full:https://registry.npmjs.org/mpath set size:undefined disposed:false
33 silly fetch manifest mquery@5.0.0
34 silly packumentCache full:https://registry.npmjs.org/mquery cache-miss
35 http fetch GET 200 https://registry.npmjs.org/mongodb 104ms (cache miss)
36 silly packumentCache full:https://registry.npmjs.org/mongodb set size:undefined disposed:false
37 silly fetch manifest sift@17.1.3
38 silly packumentCache full:https://registry.npmjs.org/sift cache-miss
39 http fetch GET 200 https://registry.npmjs.org/mquery 92ms (cache miss)
40 silly packumentCache full:https://registry.npmjs.org/mquery set size:undefined disposed:false
41 http fetch GET 200 https://registry.npmjs.org/sift 33ms (cache miss)
42 silly packumentCache full:https://registry.npmjs.org/sift set size:undefined disposed:false
43 silly fetch manifest @aws-sdk/credential-providers@^3.188.0
44 silly packumentCache full:https://registry.npmjs.org/@aws-sdk%2fcredential-providers cache-miss
45 http fetch GET 200 https://registry.npmjs.org/@aws-sdk%2fcredential-providers 75ms (cache miss)
46 silly packumentCache full:https://registry.npmjs.org/@aws-sdk%2fcredential-providers set size:undefined disposed:false
47 silly fetch manifest @mongodb-js/zstd@^1.1.0 || ^2.0.0
48 silly packumentCache full:https://registry.npmjs.org/@mongodb-js%2fzstd cache-miss
49 http fetch GET 200 https://registry.npmjs.org/@mongodb-js%2fzstd 44ms (cache miss)
50 silly packumentCache full:https://registry.npmjs.org/@mongodb-js%2fzstd set size:undefined disposed:false
51 silly fetch manifest gcp-metadata@^5.2.0
52 silly packumentCache full:https://registry.npmjs.org/gcp-metadata cache-miss
53 http fetch GET 200 https://registry.npmjs.org/gcp-metadata 33ms (cache miss)
54 silly packumentCache full:https://registry.npmjs.org/gcp-metadata set size:undefined disposed:false
55 silly fetch manifest kerberos@^2.0.1
56 silly packumentCache full:https://registry.npmjs.org/kerberos cache-miss
57 http fetch GET 200 https://registry.npmjs.org/kerberos 28ms (cache miss)
58 silly packumentCache full:https://registry.npmjs.org/kerberos set size:undefined disposed:false
59 silly fetch manifest mongodb-client-encryption@>=6.0.0 <7
60 silly packumentCache full:https://registry.npmjs.org/mongodb-client-encryption cache-miss
61 http fetch GET 200 https://registry.npmjs.org/mongodb-client-encryption 36ms (cache miss)
62 silly packumentCache full:https://registry.npmjs.org/mongodb-client-encryption set size:undefined disposed:false
63 silly fetch manifest snappy@^7.2.2
64 silly packumentCache full:https://registry.npmjs.org/snappy cache-miss
65 http fetch GET 200 https://registry.npmjs.org/snappy 40ms (cache miss)
66 silly packumentCache full:https://registry.npmjs.org/snappy set size:undefined disposed:false
67 silly fetch manifest socks@^2.7.1
68 silly packumentCache full:https://registry.npmjs.org/socks cache-miss
69 http fetch GET 200 https://registry.npmjs.org/socks 58ms (cache miss)
70 silly packumentCache full:https://registry.npmjs.org/socks set size:undefined disposed:false
71 silly placeDep ROOT bson@6.10.3 OK for: mongoose@8.13.2 want: ^6.10.3
72 silly placeDep ROOT kareem@2.6.3 OK for: mongoose@8.13.2 want: 2.6.3
73 silly placeDep ROOT mongodb@6.15.0 OK for: mongoose@8.13.2 want: ~6.15.0
74 silly placeDep ROOT mpath@0.9.0 OK for: mongoose@8.13.2 want: 0.9.0
75 silly placeDep ROOT mquery@5.0.0 OK for: mongoose@8.13.2 want: 5.0.0
76 silly placeDep ROOT sift@17.1.3 OK for: mongoose@8.13.2 want: 17.1.3
77 silly fetch manifest @mongodb-js/saslprep@^1.1.9
78 silly packumentCache full:https://registry.npmjs.org/@mongodb-js%2fsaslprep cache-miss
79 silly fetch manifest mongodb-connection-string-url@^3.0.0
80 silly packumentCache full:https://registry.npmjs.org/mongodb-connection-string-url cache-miss
81 http fetch GET 200 https://registry.npmjs.org/mongodb-connection-string-url 38ms (cache miss)
82 silly packumentCache full:https://registry.npmjs.org/mongodb-connection-string-url set size:undefined disposed:false
83 http fetch GET 200 https://registry.npmjs.org/@mongodb-js%2fsaslprep 44ms (cache miss)
84 silly packumentCache full:https://registry.npmjs.org/@mongodb-js%2fsaslprep set size:undefined disposed:false
85 silly placeDep ROOT @mongodb-js/saslprep@1.2.2 OK for: mongodb@6.15.0 want: ^1.1.9
86 silly placeDep ROOT mongodb-connection-string-url@3.0.2 OK for: mongodb@6.15.0 want: ^3.0.0
87 silly fetch manifest sparse-bitfield@^3.0.3
88 silly packumentCache full:https://registry.npmjs.org/sparse-bitfield cache-miss
89 silly fetch manifest whatwg-url@^14.1.0 || ^13.0.0
90 silly packumentCache full:https://registry.npmjs.org/whatwg-url cache-miss
91 http fetch GET 200 https://registry.npmjs.org/whatwg-url 26ms (cache miss)
92 silly packumentCache full:https://registry.npmjs.org/whatwg-url set size:undefined disposed:false
93 silly fetch manifest @types/whatwg-url@^11.0.2
94 silly packumentCache full:https://registry.npmjs.org/@types%2fwhatwg-url cache-miss
95 http fetch GET 200 https://registry.npmjs.org/sparse-bitfield 42ms (cache miss)
96 silly packumentCache full:https://registry.npmjs.org/sparse-bitfield set size:undefined disposed:false
97 http fetch GET 200 https://registry.npmjs.org/@types%2fwhatwg-url 44ms (cache miss)
98 silly packumentCache full:https://registry.npmjs.org/@types%2fwhatwg-url set size:undefined disposed:false
99 silly placeDep ROOT sparse-bitfield@3.0.3 OK for: @mongodb-js/saslprep@1.2.2 want: ^3.0.3
100 silly fetch manifest memory-pager@^1.0.2
101 silly packumentCache full:https://registry.npmjs.org/memory-pager cache-miss
102 http fetch GET 200 https://registry.npmjs.org/memory-pager 32ms (cache miss)
103 silly packumentCache full:https://registry.npmjs.org/memory-pager set size:undefined disposed:false
104 silly placeDep ROOT @types/whatwg-url@11.0.5 OK for: mongodb-connection-string-url@3.0.2 want: ^11.0.2
105 silly placeDep ROOT whatwg-url@14.2.0 OK for: mongodb-connection-string-url@3.0.2 want: ^14.1.0 || ^13.0.0
106 silly fetch manifest @types/webidl-conversions@*
107 silly packumentCache full:https://registry.npmjs.org/@types%2fwebidl-conversions cache-miss
108 silly fetch manifest tr46@^5.1.0
109 silly packumentCache full:https://registry.npmjs.org/tr46 cache-miss
110 http fetch GET 200 https://registry.npmjs.org/tr46 28ms (cache miss)
111 silly packumentCache full:https://registry.npmjs.org/tr46 set size:undefined disposed:false
112 silly fetch manifest webidl-conversions@^7.0.0
113 silly packumentCache full:https://registry.npmjs.org/webidl-conversions cache-miss
114 http fetch GET 200 https://registry.npmjs.org/@types%2fwebidl-conversions 45ms (cache miss)
115 silly packumentCache full:https://registry.npmjs.org/@types%2fwebidl-conversions set size:undefined disposed:false
116 http fetch GET 200 https://registry.npmjs.org/webidl-conversions 28ms (cache miss)
117 silly packumentCache full:https://registry.npmjs.org/webidl-conversions set size:undefined disposed:false
118 silly placeDep ROOT @types/webidl-conversions@7.0.3 OK for: @types/whatwg-url@11.0.5 want: *
119 silly placeDep ROOT memory-pager@1.5.0 OK for: sparse-bitfield@3.0.3 want: ^1.0.2
120 silly placeDep ROOT tr46@5.1.1 OK for: whatwg-url@14.2.0 want: ^5.1.0
121 silly placeDep ROOT webidl-conversions@7.0.0 OK for: whatwg-url@14.2.0 want: ^7.0.0
122 silly fetch manifest punycode@^2.3.1
123 silly packumentCache full:https://registry.npmjs.org/punycode cache-miss
124 http fetch GET 200 https://registry.npmjs.org/punycode 32ms (cache miss)
125 silly packumentCache full:https://registry.npmjs.org/punycode set size:undefined disposed:false
126 silly placeDep ROOT punycode@2.3.1 OK for: tr46@5.1.1 want: ^2.3.1
127 silly reify moves {}
128 silly audit bulk request {
128 silly audit   accepts: [ '2.0.0' ],
128 silly audit   asynckit: [ '0.4.0' ],
128 silly audit   axios: [ '1.8.4' ],
128 silly audit   'body-parser': [ '2.2.0' ],
128 silly audit   bytes: [ '3.1.2' ],
128 silly audit   'call-bind-apply-helpers': [ '1.0.2' ],
128 silly audit   'call-bound': [ '1.0.4' ],
128 silly audit   'combined-stream': [ '1.0.8' ],
128 silly audit   'content-disposition': [ '1.0.0' ],
128 silly audit   'content-type': [ '1.0.5' ],
128 silly audit   cookie: [ '0.7.2' ],
128 silly audit   'cookie-signature': [ '1.2.2' ],
128 silly audit   cors: [ '2.8.5' ],
128 silly audit   debug: [ '4.4.0' ],
128 silly audit   'delayed-stream': [ '1.0.0' ],
128 silly audit   depd: [ '2.0.0' ],
128 silly audit   'dunder-proto': [ '1.0.1' ],
128 silly audit   'ee-first': [ '1.1.1' ],
128 silly audit   encodeurl: [ '2.0.0' ],
128 silly audit   'es-define-property': [ '1.0.1' ],
128 silly audit   'es-errors': [ '1.3.0' ],
128 silly audit   'es-object-atoms': [ '1.1.1' ],
128 silly audit   'es-set-tostringtag': [ '2.1.0' ],
128 silly audit   'escape-html': [ '1.0.3' ],
128 silly audit   etag: [ '1.8.1' ],
128 silly audit   express: [ '5.1.0' ],
128 silly audit   finalhandler: [ '2.1.0' ],
128 silly audit   'follow-redirects': [ '1.15.9' ],
128 silly audit   'form-data': [ '4.0.2' ],
128 silly audit   'mime-db': [ '1.52.0', '1.54.0' ],
128 silly audit   'mime-types': [ '2.1.35', '3.0.1' ],
128 silly audit   forwarded: [ '0.2.0' ],
128 silly audit   fresh: [ '2.0.0' ],
128 silly audit   'function-bind': [ '1.1.2' ],
128 silly audit   'get-intrinsic': [ '1.3.0' ],
128 silly audit   'get-proto': [ '1.0.1' ],
128 silly audit   gopd: [ '1.2.0' ],
128 silly audit   'has-symbols': [ '1.1.0' ],
128 silly audit   'has-tostringtag': [ '1.0.2' ],
128 silly audit   hasown: [ '2.0.2' ],
128 silly audit   'http-errors': [ '2.0.0' ],
128 silly audit   'iconv-lite': [ '0.6.3' ],
128 silly audit   inherits: [ '2.0.4' ],
128 silly audit   'ipaddr.js': [ '1.9.1' ],
128 silly audit   'is-promise': [ '4.0.0' ],
128 silly audit   'math-intrinsics': [ '1.1.0' ],
128 silly audit   'media-typer': [ '1.1.0' ],
128 silly audit   'merge-descriptors': [ '2.0.0' ],
128 silly audit   ms: [ '2.1.3' ],
128 silly audit   negotiator: [ '1.0.0' ],
128 silly audit   'object-assign': [ '4.1.1' ],
128 silly audit   'object-inspect': [ '1.13.4' ],
128 silly audit   'on-finished': [ '2.4.1' ],
128 silly audit   once: [ '1.4.0' ],
128 silly audit   parseurl: [ '1.3.3' ],
128 silly audit   'path-to-regexp': [ '8.2.0' ],
128 silly audit   'proxy-addr': [ '2.0.7' ],
128 silly audit   'proxy-from-env': [ '1.1.0' ],
128 silly audit   qs: [ '6.14.0' ],
128 silly audit   'range-parser': [ '1.2.1' ],
128 silly audit   'raw-body': [ '3.0.0' ],
128 silly audit   router: [ '2.2.0' ],
128 silly audit   'safe-buffer': [ '5.2.1' ],
128 silly audit   'safer-buffer': [ '2.1.2' ],
128 silly audit   send: [ '1.2.0' ],
128 silly audit   'serve-static': [ '2.2.0' ],
128 silly audit   setprototypeof: [ '1.2.0' ],
128 silly audit   'side-channel': [ '1.1.0' ],
128 silly audit   'side-channel-list': [ '1.0.0' ],
128 silly audit   'side-channel-map': [ '1.0.1' ],
128 silly audit   'side-channel-weakmap': [ '1.0.2' ],
128 silly audit   statuses: [ '2.0.1' ],
128 silly audit   toidentifier: [ '1.0.1' ],
128 silly audit   'type-is': [ '2.0.1' ],
128 silly audit   unpipe: [ '1.0.0' ],
128 silly audit   vary: [ '1.1.2' ],
128 silly audit   wrappy: [ '1.0.2' ],
128 silly audit   mongoose: [ '8.13.2' ],
128 silly audit   bson: [ '6.10.3' ],
128 silly audit   kareem: [ '2.6.3' ],
128 silly audit   mongodb: [ '6.15.0' ],
128 silly audit   mpath: [ '0.9.0' ],
128 silly audit   mquery: [ '5.0.0' ],
128 silly audit   sift: [ '17.1.3' ],
128 silly audit   '@mongodb-js/saslprep': [ '1.2.2' ],
128 silly audit   'mongodb-connection-string-url': [ '3.0.2' ],
128 silly audit   'sparse-bitfield': [ '3.0.3' ],
128 silly audit   '@types/whatwg-url': [ '11.0.5' ],
128 silly audit   'whatwg-url': [ '14.2.0' ],
128 silly audit   '@types/webidl-conversions': [ '7.0.3' ],
128 silly audit   'memory-pager': [ '1.5.0' ],
128 silly audit   tr46: [ '5.1.1' ],
128 silly audit   'webidl-conversions': [ '7.0.0' ],
128 silly audit   punycode: [ '2.3.1' ]
128 silly audit }
129 http cache punycode@https://registry.npmjs.org/punycode/-/punycode-2.3.1.tgz 0ms (cache hit)
130 http cache tr46@https://registry.npmjs.org/tr46/-/tr46-5.1.1.tgz 0ms (cache hit)
131 http cache webidl-conversions@https://registry.npmjs.org/webidl-conversions/-/webidl-conversions-7.0.0.tgz 0ms (cache hit)
132 http cache memory-pager@https://registry.npmjs.org/memory-pager/-/memory-pager-1.5.0.tgz 0ms (cache hit)
133 http cache sparse-bitfield@https://registry.npmjs.org/sparse-bitfield/-/sparse-bitfield-3.0.3.tgz 0ms (cache hit)
134 http cache @types/webidl-conversions@https://registry.npmjs.org/@types/webidl-conversions/-/webidl-conversions-7.0.3.tgz 0ms (cache hit)
135 http cache @types/whatwg-url@https://registry.npmjs.org/@types/whatwg-url/-/whatwg-url-11.0.5.tgz 0ms (cache hit)
136 http cache whatwg-url@https://registry.npmjs.org/whatwg-url/-/whatwg-url-14.2.0.tgz 0ms (cache hit)
137 http cache mongodb-connection-string-url@https://registry.npmjs.org/mongodb-connection-string-url/-/mongodb-connection-string-url-3.0.2.tgz 0ms (cache hit)
138 http cache @mongodb-js/saslprep@https://registry.npmjs.org/@mongodb-js/saslprep/-/saslprep-1.2.2.tgz 0ms (cache hit)
139 http cache sift@https://registry.npmjs.org/sift/-/sift-17.1.3.tgz 0ms (cache hit)
140 http cache mquery@https://registry.npmjs.org/mquery/-/mquery-5.0.0.tgz 0ms (cache hit)
141 http cache mpath@https://registry.npmjs.org/mpath/-/mpath-0.9.0.tgz 0ms (cache hit)
142 http cache mongodb@https://registry.npmjs.org/mongodb/-/mongodb-6.15.0.tgz 0ms (cache hit)
143 http cache kareem@https://registry.npmjs.org/kareem/-/kareem-2.6.3.tgz 0ms (cache hit)
144 http cache bson@https://registry.npmjs.org/bson/-/bson-6.10.3.tgz 0ms (cache hit)
145 http cache mongoose@https://registry.npmjs.org/mongoose/-/mongoose-8.13.2.tgz 0ms (cache hit)
146 silly tarball no local data for punycode@https://registry.npmjs.org/punycode/-/punycode-2.3.1.tgz. Extracting by manifest.
147 silly tarball no local data for tr46@https://registry.npmjs.org/tr46/-/tr46-5.1.1.tgz. Extracting by manifest.
148 silly tarball no local data for webidl-conversions@https://registry.npmjs.org/webidl-conversions/-/webidl-conversions-7.0.0.tgz. Extracting by manifest.
149 silly tarball no local data for sparse-bitfield@https://registry.npmjs.org/sparse-bitfield/-/sparse-bitfield-3.0.3.tgz. Extracting by manifest.
150 silly tarball no local data for memory-pager@https://registry.npmjs.org/memory-pager/-/memory-pager-1.5.0.tgz. Extracting by manifest.
151 silly tarball no local data for @types/whatwg-url@https://registry.npmjs.org/@types/whatwg-url/-/whatwg-url-11.0.5.tgz. Extracting by manifest.
152 silly tarball no local data for @types/webidl-conversions@https://registry.npmjs.org/@types/webidl-conversions/-/webidl-conversions-7.0.3.tgz. Extracting by manifest.
153 silly tarball no local data for @mongodb-js/saslprep@https://registry.npmjs.org/@mongodb-js/saslprep/-/saslprep-1.2.2.tgz. Extracting by manifest.
154 silly tarball no local data for mongodb-connection-string-url@https://registry.npmjs.org/mongodb-connection-string-url/-/mongodb-connection-string-url-3.0.2.tgz. Extracting by manifest.
155 silly tarball no local data for mquery@https://registry.npmjs.org/mquery/-/mquery-5.0.0.tgz. Extracting by manifest.
156 silly tarball no local data for mongodb@https://registry.npmjs.org/mongodb/-/mongodb-6.15.0.tgz. Extracting by manifest.
157 silly tarball no local data for kareem@https://registry.npmjs.org/kareem/-/kareem-2.6.3.tgz. Extracting by manifest.
158 silly tarball no local data for bson@https://registry.npmjs.org/bson/-/bson-6.10.3.tgz. Extracting by manifest.
159 silly tarball no local data for whatwg-url@https://registry.npmjs.org/whatwg-url/-/whatwg-url-14.2.0.tgz. Extracting by manifest.
160 silly tarball no local data for sift@https://registry.npmjs.org/sift/-/sift-17.1.3.tgz. Extracting by manifest.
161 silly tarball no local data for mongoose@https://registry.npmjs.org/mongoose/-/mongoose-8.13.2.tgz. Extracting by manifest.
162 silly tarball no local data for mpath@https://registry.npmjs.org/mpath/-/mpath-0.9.0.tgz. Extracting by manifest.
163 http fetch POST 200 https://registry.npmjs.org/-/npm/v1/security/advisories/bulk 236ms
164 silly audit report {}
165 http fetch GET 200 https://registry.npmjs.org/memory-pager/-/memory-pager-1.5.0.tgz 237ms (cache miss)
166 http fetch GET 200 https://registry.npmjs.org/@types/webidl-conversions/-/webidl-conversions-7.0.3.tgz 240ms (cache miss)
167 http fetch GET 200 https://registry.npmjs.org/webidl-conversions/-/webidl-conversions-7.0.0.tgz 242ms (cache miss)
168 http fetch GET 200 https://registry.npmjs.org/sparse-bitfield/-/sparse-bitfield-3.0.3.tgz 245ms (cache miss)
169 http fetch GET 200 https://registry.npmjs.org/tr46/-/tr46-5.1.1.tgz 249ms (cache miss)
170 http fetch GET 200 https://registry.npmjs.org/@types/whatwg-url/-/whatwg-url-11.0.5.tgz 251ms (cache miss)
171 http fetch GET 200 https://registry.npmjs.org/punycode/-/punycode-2.3.1.tgz 256ms (cache miss)
172 http fetch GET 200 https://registry.npmjs.org/mongodb-connection-string-url/-/mongodb-connection-string-url-3.0.2.tgz 263ms (cache miss)
173 http fetch GET 200 https://registry.npmjs.org/kareem/-/kareem-2.6.3.tgz 269ms (cache miss)
174 http fetch GET 200 https://registry.npmjs.org/mpath/-/mpath-0.9.0.tgz 271ms (cache miss)
175 http fetch GET 200 https://registry.npmjs.org/whatwg-url/-/whatwg-url-14.2.0.tgz 295ms (cache miss)
176 http fetch GET 200 https://registry.npmjs.org/mquery/-/mquery-5.0.0.tgz 300ms (cache miss)
177 http fetch GET 200 https://registry.npmjs.org/@mongodb-js/saslprep/-/saslprep-1.2.2.tgz 331ms (cache miss)
178 http fetch GET 200 https://registry.npmjs.org/sift/-/sift-17.1.3.tgz 329ms (cache miss)
179 http fetch GET 200 https://registry.npmjs.org/bson/-/bson-6.10.3.tgz 437ms (cache miss)
180 http fetch GET 200 https://registry.npmjs.org/mongoose/-/mongoose-8.13.2.tgz 549ms (cache miss)
181 http fetch GET 200 https://registry.npmjs.org/mongodb/-/mongodb-6.15.0.tgz 607ms (cache miss)
182 silly ADD node_modules/punycode
183 silly ADD node_modules/webidl-conversions
184 silly ADD node_modules/tr46
185 silly ADD node_modules/memory-pager
186 silly ADD node_modules/@types/webidl-conversions
187 silly ADD node_modules/whatwg-url
188 silly ADD node_modules/@types/whatwg-url
189 silly ADD node_modules/sparse-bitfield
190 silly ADD node_modules/mongodb-connection-string-url
191 silly ADD node_modules/@mongodb-js/saslprep
192 silly ADD node_modules/sift
193 silly ADD node_modules/mquery
194 silly ADD node_modules/mpath
195 silly ADD node_modules/mongodb
196 silly ADD node_modules/kareem
197 silly ADD node_modules/bson
198 silly ADD node_modules/mongoose
199 verbose cwd /home/project324273846/Public1/backend
200 verbose os Linux 6.6.72+
201 verbose node v22.14.0
202 verbose npm  v11.3.0
203 verbose exit 0
204 info ok
