0 verbose cli /usr/local/nvm/versions/node/v22.14.0/bin/node /usr/local/nvm/versions/node/v22.14.0/bin/npm
1 info using npm@11.3.0
2 info using node@v22.14.0
3 silly config load:file:/usr/local/nvm/versions/node/v22.14.0/lib/node_modules/npm/npmrc
4 silly config load:file:/home/project324273846/Public1/.npmrc
5 silly config load:file:/home/project324273846/.npmrc
6 silly config load:file:/usr/local/nvm/versions/node/v22.14.0/etc/npmrc
7 verbose title npm create vite@latest frontend --template react
8 verbose argv "create" "vite@latest" "frontend" "--" "--template" "react"
9 verbose logfile logs-max:10 dir:/home/project324273846/.npm/_logs/2025-04-19T14_45_17_768Z-
10 verbose logfile /home/project324273846/.npm/_logs/2025-04-19T14_45_17_768Z-debug-0.log
11 silly logfile done cleaning log files
12 silly packumentCache heap:2197815296 maxSize:549453824 maxEntrySize:274726912
13 http fetch GET 200 https://registry.npmjs.org/create-vite 155ms (cache miss)
14 silly packumentCache heap:2197815296 maxSize:549453824 maxEntrySize:274726912
15 silly idealTree buildDeps
16 silly fetch manifest create-vite@6.4.1
17 silly packumentCache full:https://registry.npmjs.org/create-vite cache-miss
18 http fetch GET 200 https://registry.npmjs.org/create-vite 44ms (cache miss)
19 silly packumentCache full:https://registry.npmjs.org/create-vite set size:undefined disposed:false
20 silly placeDep ROOT create-vite@6.4.1 OK for:  want: 6.4.1
21 silly reify moves {}
22 silly audit bulk request { 'create-vite': [ '6.4.1' ] }
23 http cache create-vite@https://registry.npmjs.org/create-vite/-/create-vite-6.4.1.tgz 0ms (cache hit)
24 silly tarball no local data for create-vite@https://registry.npmjs.org/create-vite/-/create-vite-6.4.1.tgz. Extracting by manifest.
25 http fetch GET 200 https://registry.npmjs.org/create-vite/-/create-vite-6.4.1.tgz 166ms (cache miss)
26 http fetch POST 200 https://registry.npmjs.org/-/npm/v1/security/advisories/bulk 206ms
27 silly audit report {}
28 verbose cwd /home/project324273846/Public1
29 verbose os Linux 6.6.72+
30 verbose node v22.14.0
31 verbose npm  v11.3.0
32 verbose exit 0
33 info ok
