0 verbose cli /usr/local/nvm/versions/node/v22.14.0/bin/node /usr/local/nvm/versions/node/v22.14.0/bin/npm
1 info using npm@11.3.0
2 info using node@v22.14.0
3 silly config load:file:/usr/local/nvm/versions/node/v22.14.0/lib/node_modules/npm/npmrc
4 silly config load:file:/home/project324273846/Public1/frontend/.npmrc
5 silly config load:file:/home/project324273846/.npmrc
6 silly config load:file:/usr/local/nvm/versions/node/v22.14.0/etc/npmrc
7 verbose title npm install axios
8 verbose argv "install" "axios"
9 verbose logfile logs-max:10 dir:/home/project324273846/.npm/_logs/2025-04-19T14_46_55_481Z-
10 verbose logfile /home/project324273846/.npm/_logs/2025-04-19T14_46_55_481Z-debug-0.log
11 silly logfile start cleaning logs, removing 1 files
12 silly packumentCache heap:2197815296 maxSize:549453824 maxEntrySize:274726912
13 silly logfile done cleaning log files
14 silly idealTree buildDeps
15 silly fetch manifest axios@*
16 silly packumentCache full:https://registry.npmjs.org/axios cache-miss
17 http fetch GET 200 https://registry.npmjs.org/axios 196ms (cache updated)
18 silly packumentCache full:https://registry.npmjs.org/axios set size:undefined disposed:false
19 silly placeDep ROOT axios@1.8.4 OK for: frontend@0.0.0 want: *
20 silly fetch manifest form-data@^4.0.0
21 silly packumentCache full:https://registry.npmjs.org/form-data cache-miss
22 silly fetch manifest proxy-from-env@^1.1.0
23 silly packumentCache full:https://registry.npmjs.org/proxy-from-env cache-miss
24 http fetch GET 200 https://registry.npmjs.org/form-data 58ms (cache updated)
25 silly packumentCache full:https://registry.npmjs.org/form-data set size:undefined disposed:false
26 silly fetch manifest follow-redirects@^1.15.6
27 silly packumentCache full:https://registry.npmjs.org/follow-redirects cache-miss
28 http fetch GET 200 https://registry.npmjs.org/proxy-from-env 89ms (cache updated)
29 silly packumentCache full:https://registry.npmjs.org/proxy-from-env set size:undefined disposed:false
30 http fetch GET 200 https://registry.npmjs.org/follow-redirects 34ms (cache updated)
31 silly packumentCache full:https://registry.npmjs.org/follow-redirects set size:undefined disposed:false
32 silly placeDep ROOT follow-redirects@1.15.9 OK for: axios@1.8.4 want: ^1.15.6
33 silly placeDep ROOT form-data@4.0.2 OK for: axios@1.8.4 want: ^4.0.0
34 silly placeDep ROOT proxy-from-env@1.1.0 OK for: axios@1.8.4 want: ^1.1.0
35 silly fetch manifest asynckit@^0.4.0
36 silly packumentCache full:https://registry.npmjs.org/asynckit cache-miss
37 silly fetch manifest combined-stream@^1.0.8
38 silly packumentCache full:https://registry.npmjs.org/combined-stream cache-miss
39 http fetch GET 200 https://registry.npmjs.org/combined-stream 37ms (cache updated)
40 silly packumentCache full:https://registry.npmjs.org/combined-stream set size:undefined disposed:false
41 silly fetch manifest es-set-tostringtag@^2.1.0
42 silly packumentCache full:https://registry.npmjs.org/es-set-tostringtag cache-miss
43 http fetch GET 200 https://registry.npmjs.org/asynckit 47ms (cache updated)
44 silly packumentCache full:https://registry.npmjs.org/asynckit set size:undefined disposed:false
45 silly fetch manifest mime-types@^2.1.12
46 silly packumentCache full:https://registry.npmjs.org/mime-types cache-miss
47 http fetch GET 200 https://registry.npmjs.org/es-set-tostringtag 38ms (cache updated)
48 silly packumentCache full:https://registry.npmjs.org/es-set-tostringtag set size:undefined disposed:false
49 http fetch GET 200 https://registry.npmjs.org/mime-types 119ms (cache updated)
50 silly packumentCache full:https://registry.npmjs.org/mime-types set size:undefined disposed:false
51 silly placeDep ROOT asynckit@0.4.0 OK for: form-data@4.0.2 want: ^0.4.0
52 silly placeDep ROOT combined-stream@1.0.8 OK for: form-data@4.0.2 want: ^1.0.8
53 silly placeDep ROOT es-set-tostringtag@2.1.0 OK for: form-data@4.0.2 want: ^2.1.0
54 silly placeDep ROOT mime-types@2.1.35 OK for: form-data@4.0.2 want: ^2.1.12
55 silly fetch manifest delayed-stream@~1.0.0
56 silly packumentCache full:https://registry.npmjs.org/delayed-stream cache-miss
57 silly fetch manifest es-errors@^1.3.0
58 silly packumentCache full:https://registry.npmjs.org/es-errors cache-miss
59 http fetch GET 200 https://registry.npmjs.org/delayed-stream 47ms (cache updated)
60 silly packumentCache full:https://registry.npmjs.org/delayed-stream set size:undefined disposed:false
61 silly fetch manifest get-intrinsic@^1.2.6
62 silly packumentCache full:https://registry.npmjs.org/get-intrinsic cache-miss
63 http fetch GET 200 https://registry.npmjs.org/es-errors 78ms (cache updated)
64 silly packumentCache full:https://registry.npmjs.org/es-errors set size:undefined disposed:false
65 silly fetch manifest has-tostringtag@^1.0.2
66 silly packumentCache full:https://registry.npmjs.org/has-tostringtag cache-miss
67 http fetch GET 200 https://registry.npmjs.org/get-intrinsic 41ms (cache updated)
68 silly packumentCache full:https://registry.npmjs.org/get-intrinsic set size:undefined disposed:false
69 silly fetch manifest hasown@^2.0.2
70 silly packumentCache full:https://registry.npmjs.org/hasown cache-miss
71 http fetch GET 200 https://registry.npmjs.org/hasown 29ms (cache updated)
72 silly packumentCache full:https://registry.npmjs.org/hasown set size:undefined disposed:false
73 silly fetch manifest mime-db@1.52.0
74 silly packumentCache full:https://registry.npmjs.org/mime-db cache-miss
75 http fetch GET 200 https://registry.npmjs.org/has-tostringtag 45ms (cache updated)
76 silly packumentCache full:https://registry.npmjs.org/has-tostringtag set size:undefined disposed:false
77 http fetch GET 200 https://registry.npmjs.org/mime-db 40ms (cache updated)
78 silly packumentCache full:https://registry.npmjs.org/mime-db set size:undefined disposed:false
79 silly placeDep ROOT delayed-stream@1.0.0 OK for: combined-stream@1.0.8 want: ~1.0.0
80 silly placeDep ROOT es-errors@1.3.0 OK for: es-set-tostringtag@2.1.0 want: ^1.3.0
81 silly placeDep ROOT get-intrinsic@1.3.0 OK for: es-set-tostringtag@2.1.0 want: ^1.2.6
82 silly placeDep ROOT has-tostringtag@1.0.2 OK for: es-set-tostringtag@2.1.0 want: ^1.0.2
83 silly placeDep ROOT hasown@2.0.2 OK for: es-set-tostringtag@2.1.0 want: ^2.0.2
84 silly fetch manifest call-bind-apply-helpers@^1.0.2
85 silly packumentCache full:https://registry.npmjs.org/call-bind-apply-helpers cache-miss
86 silly fetch manifest es-define-property@^1.0.1
87 silly packumentCache full:https://registry.npmjs.org/es-define-property cache-miss
88 http fetch GET 200 https://registry.npmjs.org/es-define-property 29ms (cache updated)
89 silly packumentCache full:https://registry.npmjs.org/es-define-property set size:undefined disposed:false
90 silly fetch manifest es-object-atoms@^1.1.1
91 silly packumentCache full:https://registry.npmjs.org/es-object-atoms cache-miss
92 http fetch GET 200 https://registry.npmjs.org/call-bind-apply-helpers 42ms (cache updated)
93 silly packumentCache full:https://registry.npmjs.org/call-bind-apply-helpers set size:undefined disposed:false
94 silly fetch manifest function-bind@^1.1.2
95 silly packumentCache full:https://registry.npmjs.org/function-bind cache-miss
96 http fetch GET 200 https://registry.npmjs.org/es-object-atoms 30ms (cache updated)
97 silly packumentCache full:https://registry.npmjs.org/es-object-atoms set size:undefined disposed:false
98 silly fetch manifest get-proto@^1.0.1
99 silly packumentCache full:https://registry.npmjs.org/get-proto cache-miss
100 http fetch GET 200 https://registry.npmjs.org/function-bind 31ms (cache updated)
101 silly packumentCache full:https://registry.npmjs.org/function-bind set size:undefined disposed:false
102 silly fetch manifest gopd@^1.2.0
103 silly packumentCache full:https://registry.npmjs.org/gopd cache-miss
104 http fetch GET 200 https://registry.npmjs.org/get-proto 27ms (cache updated)
105 silly packumentCache full:https://registry.npmjs.org/get-proto set size:undefined disposed:false
106 silly fetch manifest has-symbols@^1.1.0
107 silly packumentCache full:https://registry.npmjs.org/has-symbols cache-miss
108 http fetch GET 200 https://registry.npmjs.org/gopd 39ms (cache updated)
109 silly packumentCache full:https://registry.npmjs.org/gopd set size:undefined disposed:false
110 silly fetch manifest math-intrinsics@^1.1.0
111 silly packumentCache full:https://registry.npmjs.org/math-intrinsics cache-miss
112 http fetch GET 200 https://registry.npmjs.org/has-symbols 33ms (cache updated)
113 silly packumentCache full:https://registry.npmjs.org/has-symbols set size:undefined disposed:false
114 silly fetch manifest has-symbols@^1.0.3
115 silly packumentCache full:https://registry.npmjs.org/has-symbols cache-miss
116 http cache https://registry.npmjs.org/has-symbols 6ms (cache hit)
117 silly packumentCache full:https://registry.npmjs.org/has-symbols set size:21550 disposed:false
118 http fetch GET 200 https://registry.npmjs.org/math-intrinsics 32ms (cache updated)
119 silly packumentCache full:https://registry.npmjs.org/math-intrinsics set size:undefined disposed:false
120 silly placeDep ROOT call-bind-apply-helpers@1.0.2 OK for: get-intrinsic@1.3.0 want: ^1.0.2
121 silly placeDep ROOT es-define-property@1.0.1 OK for: get-intrinsic@1.3.0 want: ^1.0.1
122 silly placeDep ROOT es-object-atoms@1.1.1 OK for: get-intrinsic@1.3.0 want: ^1.1.1
123 silly placeDep ROOT function-bind@1.1.2 OK for: get-intrinsic@1.3.0 want: ^1.1.2
124 silly placeDep ROOT get-proto@1.0.1 OK for: get-intrinsic@1.3.0 want: ^1.0.1
125 silly placeDep ROOT gopd@1.2.0 OK for: get-intrinsic@1.3.0 want: ^1.2.0
126 silly placeDep ROOT has-symbols@1.1.0 OK for: get-intrinsic@1.3.0 want: ^1.1.0
127 silly placeDep ROOT math-intrinsics@1.1.0 OK for: get-intrinsic@1.3.0 want: ^1.1.0
128 silly fetch manifest dunder-proto@^1.0.1
129 silly packumentCache full:https://registry.npmjs.org/dunder-proto cache-miss
130 http fetch GET 200 https://registry.npmjs.org/dunder-proto 29ms (cache updated)
131 silly packumentCache full:https://registry.npmjs.org/dunder-proto set size:undefined disposed:false
132 silly placeDep ROOT dunder-proto@1.0.1 OK for: get-proto@1.0.1 want: ^1.0.1
133 silly placeDep ROOT mime-db@1.52.0 OK for: mime-types@2.1.35 want: 1.52.0
134 silly reify moves {}
135 silly audit bulk request {
135 silly audit   '@ampproject/remapping': [ '2.3.0' ],
135 silly audit   '@babel/code-frame': [ '7.26.2' ],
135 silly audit   '@babel/compat-data': [ '7.26.8' ],
135 silly audit   '@babel/core': [ '7.26.10' ],
135 silly audit   '@babel/generator': [ '7.27.0' ],
135 silly audit   '@babel/helper-compilation-targets': [ '7.27.0' ],
135 silly audit   '@babel/helper-module-imports': [ '7.25.9' ],
135 silly audit   '@babel/helper-module-transforms': [ '7.26.0' ],
135 silly audit   '@babel/helper-plugin-utils': [ '7.26.5' ],
135 silly audit   '@babel/helper-string-parser': [ '7.25.9' ],
135 silly audit   '@babel/helper-validator-identifier': [ '7.25.9' ],
135 silly audit   '@babel/helper-validator-option': [ '7.25.9' ],
135 silly audit   '@babel/helpers': [ '7.27.0' ],
135 silly audit   '@babel/parser': [ '7.27.0' ],
135 silly audit   '@babel/plugin-transform-react-jsx-self': [ '7.25.9' ],
135 silly audit   '@babel/plugin-transform-react-jsx-source': [ '7.25.9' ],
135 silly audit   '@babel/template': [ '7.27.0' ],
135 silly audit   '@babel/traverse': [ '7.27.0' ],
135 silly audit   globals: [ '11.12.0', '14.0.0', '16.0.0' ],
135 silly audit   '@babel/types': [ '7.27.0' ],
135 silly audit   '@esbuild/aix-ppc64': [ '0.25.2' ],
135 silly audit   '@esbuild/android-arm': [ '0.25.2' ],
135 silly audit   '@esbuild/android-arm64': [ '0.25.2' ],
135 silly audit   '@esbuild/android-x64': [ '0.25.2' ],
135 silly audit   '@esbuild/darwin-arm64': [ '0.25.2' ],
135 silly audit   '@esbuild/darwin-x64': [ '0.25.2' ],
135 silly audit   '@esbuild/freebsd-arm64': [ '0.25.2' ],
135 silly audit   '@esbuild/freebsd-x64': [ '0.25.2' ],
135 silly audit   '@esbuild/linux-arm': [ '0.25.2' ],
135 silly audit   '@esbuild/linux-arm64': [ '0.25.2' ],
135 silly audit   '@esbuild/linux-ia32': [ '0.25.2' ],
135 silly audit   '@esbuild/linux-loong64': [ '0.25.2' ],
135 silly audit   '@esbuild/linux-mips64el': [ '0.25.2' ],
135 silly audit   '@esbuild/linux-ppc64': [ '0.25.2' ],
135 silly audit   '@esbuild/linux-riscv64': [ '0.25.2' ],
135 silly audit   '@esbuild/linux-s390x': [ '0.25.2' ],
135 silly audit   '@esbuild/linux-x64': [ '0.25.2' ],
135 silly audit   '@esbuild/netbsd-arm64': [ '0.25.2' ],
135 silly audit   '@esbuild/netbsd-x64': [ '0.25.2' ],
135 silly audit   '@esbuild/openbsd-arm64': [ '0.25.2' ],
135 silly audit   '@esbuild/openbsd-x64': [ '0.25.2' ],
135 silly audit   '@esbuild/sunos-x64': [ '0.25.2' ],
135 silly audit   '@esbuild/win32-arm64': [ '0.25.2' ],
135 silly audit   '@esbuild/win32-ia32': [ '0.25.2' ],
135 silly audit   '@esbuild/win32-x64': [ '0.25.2' ],
135 silly audit   '@eslint-community/eslint-utils': [ '4.6.1' ],
135 silly audit   'eslint-visitor-keys': [ '3.4.3', '4.2.0' ],
135 silly audit   '@eslint-community/regexpp': [ '4.12.1' ],
135 silly audit   '@eslint/config-array': [ '0.20.0' ],
135 silly audit   '@eslint/config-helpers': [ '0.2.1' ],
135 silly audit   '@eslint/core': [ '0.13.0' ],
135 silly audit   '@eslint/eslintrc': [ '3.3.1' ],
135 silly audit   '@eslint/js': [ '9.25.0' ],
135 silly audit   '@eslint/object-schema': [ '2.1.6' ],
135 silly audit   '@eslint/plugin-kit': [ '0.2.8' ],
135 silly audit   '@humanfs/core': [ '0.19.1' ],
135 silly audit   '@humanfs/node': [ '0.16.6' ],
135 silly audit   '@humanwhocodes/retry': [ '0.3.1', '0.4.2' ],
135 silly audit   '@humanwhocodes/module-importer': [ '1.0.1' ],
135 silly audit   '@jridgewell/gen-mapping': [ '0.3.8' ],
135 silly audit   '@jridgewell/resolve-uri': [ '3.1.2' ],
135 silly audit   '@jridgewell/set-array': [ '1.2.1' ],
135 silly audit   '@jridgewell/sourcemap-codec': [ '1.5.0' ],
135 silly audit   '@jridgewell/trace-mapping': [ '0.3.25' ],
135 silly audit   '@rollup/rollup-android-arm-eabi': [ '4.40.0' ],
135 silly audit   '@rollup/rollup-android-arm64': [ '4.40.0' ],
135 silly audit   '@rollup/rollup-darwin-arm64': [ '4.40.0' ],
135 silly audit   '@rollup/rollup-darwin-x64': [ '4.40.0' ],
135 silly audit   '@rollup/rollup-freebsd-arm64': [ '4.40.0' ],
135 silly audit   '@rollup/rollup-freebsd-x64': [ '4.40.0' ],
135 silly audit   '@rollup/rollup-linux-arm-gnueabihf': [ '4.40.0' ],
135 silly audit   '@rollup/rollup-linux-arm-musleabihf': [ '4.40.0' ],
135 silly audit   '@rollup/rollup-linux-arm64-gnu': [ '4.40.0' ],
135 silly audit   '@rollup/rollup-linux-arm64-musl': [ '4.40.0' ],
135 silly audit   '@rollup/rollup-linux-loongarch64-gnu': [ '4.40.0' ],
135 silly audit   '@rollup/rollup-linux-powerpc64le-gnu': [ '4.40.0' ],
135 silly audit   '@rollup/rollup-linux-riscv64-gnu': [ '4.40.0' ],
135 silly audit   '@rollup/rollup-linux-riscv64-musl': [ '4.40.0' ],
135 silly audit   '@rollup/rollup-linux-s390x-gnu': [ '4.40.0' ],
135 silly audit   '@rollup/rollup-linux-x64-gnu': [ '4.40.0' ],
135 silly audit   '@rollup/rollup-linux-x64-musl': [ '4.40.0' ],
135 silly audit   '@rollup/rollup-win32-arm64-msvc': [ '4.40.0' ],
135 silly audit   '@rollup/rollup-win32-ia32-msvc': [ '4.40.0' ],
135 silly audit   '@rollup/rollup-win32-x64-msvc': [ '4.40.0' ],
135 silly audit   '@types/babel__core': [ '7.20.5' ],
135 silly audit   '@types/babel__generator': [ '7.27.0' ],
135 silly audit   '@types/babel__template': [ '7.4.4' ],
135 silly audit   '@types/babel__traverse': [ '7.20.7' ],
135 silly audit   '@types/estree': [ '1.0.7' ],
135 silly audit   '@types/json-schema': [ '7.0.15' ],
135 silly audit   '@types/react': [ '19.1.2' ],
135 silly audit   '@types/react-dom': [ '19.1.2' ],
135 silly audit   '@vitejs/plugin-react': [ '4.4.1' ],
135 silly audit   acorn: [ '8.14.1' ],
135 silly audit   'acorn-jsx': [ '5.3.2' ],
135 silly audit   ajv: [ '6.12.6' ],
135 silly audit   'ansi-styles': [ '4.3.0' ],
135 silly audit   argparse: [ '2.0.1' ],
135 silly audit   'balanced-match': [ '1.0.2' ],
135 silly audit   'brace-expansion': [ '1.1.11' ],
135 silly audit   browserslist: [ '4.24.4' ],
135 silly audit   callsites: [ '3.1.0' ],
135 silly audit   'caniuse-lite': [ '1.0.30001714' ],
135 silly audit   chalk: [ '4.1.2' ],
135 silly audit   'color-convert': [ '2.0.1' ],
135 silly audit   'color-name': [ '1.1.4' ],
135 silly audit   'concat-map': [ '0.0.1' ],
135 silly audit   'convert-source-map': [ '2.0.0' ],
135 silly audit   'cross-spawn': [ '7.0.6' ],
135 silly audit   csstype: [ '3.1.3' ],
135 silly audit   debug: [ '4.4.0' ],
135 silly audit   'deep-is': [ '0.1.4' ],
135 silly audit   'electron-to-chromium': [ '1.5.139' ],
135 silly audit   esbuild: [ '0.25.2' ],
135 silly audit   escalade: [ '3.2.0' ],
135 silly audit   'escape-string-regexp': [ '4.0.0' ],
135 silly audit   eslint: [ '9.25.0' ],
135 silly audit   'eslint-plugin-react-hooks': [ '5.2.0' ],
135 silly audit   'eslint-plugin-react-refresh': [ '0.4.19' ],
135 silly audit   'eslint-scope': [ '8.3.0' ],
135 silly audit   espree: [ '10.3.0' ],
135 silly audit   esquery: [ '1.6.0' ],
135 silly audit   esrecurse: [ '4.3.0' ],
135 silly audit   estraverse: [ '5.3.0' ],
135 silly audit   esutils: [ '2.0.3' ],
135 silly audit   'fast-deep-equal': [ '3.1.3' ],
135 silly audit   'fast-json-stable-stringify': [ '2.1.0' ],
135 silly audit   'fast-levenshtein': [ '2.0.6' ],
135 silly audit   fdir: [ '6.4.4' ],
135 silly audit   'file-entry-cache': [ '8.0.0' ],
135 silly audit   'find-up': [ '5.0.0' ],
135 silly audit   'flat-cache': [ '4.0.1' ],
135 silly audit   flatted: [ '3.3.3' ],
135 silly audit   fsevents: [ '2.3.3' ],
135 silly audit   gensync: [ '1.0.0-beta.2' ],
135 silly audit   'glob-parent': [ '6.0.2' ],
135 silly audit   'has-flag': [ '4.0.0' ],
135 silly audit   ignore: [ '5.3.2' ],
135 silly audit   'import-fresh': [ '3.3.1' ],
135 silly audit   imurmurhash: [ '0.1.4' ],
135 silly audit   'is-extglob': [ '2.1.1' ],
135 silly audit   'is-glob': [ '4.0.3' ],
135 silly audit   isexe: [ '2.0.0' ],
135 silly audit   'js-tokens': [ '4.0.0' ],
135 silly audit   'js-yaml': [ '4.1.0' ],
135 silly audit   jsesc: [ '3.1.0' ],
135 silly audit   'json-buffer': [ '3.0.1' ],
135 silly audit   'json-schema-traverse': [ '0.4.1' ],
135 silly audit   'json-stable-stringify-without-jsonify': [ '1.0.1' ],
135 silly audit   json5: [ '2.2.3' ],
135 silly audit   keyv: [ '4.5.4' ],
135 silly audit   levn: [ '0.4.1' ],
135 silly audit   'locate-path': [ '6.0.0' ],
135 silly audit   'lodash.merge': [ '4.6.2' ],
135 silly audit   'lru-cache': [ '5.1.1' ],
135 silly audit   minimatch: [ '3.1.2' ],
135 silly audit   ms: [ '2.1.3' ],
135 silly audit   nanoid: [ '3.3.11' ],
135 silly audit   'natural-compare': [ '1.4.0' ],
135 silly audit   'node-releases': [ '2.0.19' ],
135 silly audit   optionator: [ '0.9.4' ],
135 silly audit   'p-limit': [ '3.1.0' ],
135 silly audit   'p-locate': [ '5.0.0' ],
135 silly audit   'parent-module': [ '1.0.1' ],
135 silly audit   'path-exists': [ '4.0.0' ],
135 silly audit   'path-key': [ '3.1.1' ],
135 silly audit   picocolors: [ '1.1.1' ],
135 silly audit   picomatch: [ '4.0.2' ],
135 silly audit   postcss: [ '8.5.3' ],
135 silly audit   'prelude-ls': [ '1.2.1' ],
135 silly audit   punycode: [ '2.3.1' ],
135 silly audit   react: [ '19.1.0' ],
135 silly audit   'react-dom': [ '19.1.0' ],
135 silly audit   'react-refresh': [ '0.17.0' ],
135 silly audit   'resolve-from': [ '4.0.0' ],
135 silly audit   rollup: [ '4.40.0' ],
135 silly audit   scheduler: [ '0.26.0' ],
135 silly audit   semver: [ '6.3.1' ],
135 silly audit   'shebang-command': [ '2.0.0' ],
135 silly audit   'shebang-regex': [ '3.0.0' ],
135 silly audit   'source-map-js': [ '1.2.1' ],
135 silly audit   'strip-json-comments': [ '3.1.1' ],
135 silly audit   'supports-color': [ '7.2.0' ],
135 silly audit   tinyglobby: [ '0.2.12' ],
135 silly audit   'type-check': [ '0.4.0' ],
135 silly audit   'update-browserslist-db': [ '1.1.3' ],
135 silly audit   'uri-js': [ '4.4.1' ],
135 silly audit   vite: [ '6.3.2' ],
135 silly audit   which: [ '2.0.2' ],
135 silly audit   'word-wrap': [ '1.2.5' ],
135 silly audit   yallist: [ '3.1.1' ],
135 silly audit   'yocto-queue': [ '0.1.0' ],
135 silly audit   axios: [ '1.8.4' ],
135 silly audit   'follow-redirects': [ '1.15.9' ],
135 silly audit   'form-data': [ '4.0.2' ],
135 silly audit   'proxy-from-env': [ '1.1.0' ],
135 silly audit   asynckit: [ '0.4.0' ],
135 silly audit   'combined-stream': [ '1.0.8' ],
135 silly audit   'es-set-tostringtag': [ '2.1.0' ],
135 silly audit   'mime-types': [ '2.1.35' ],
135 silly audit   'delayed-stream': [ '1.0.0' ],
135 silly audit   'es-errors': [ '1.3.0' ],
135 silly audit   'get-intrinsic': [ '1.3.0' ],
135 silly audit   'has-tostringtag': [ '1.0.2' ],
135 silly audit   hasown: [ '2.0.2' ],
135 silly audit   'call-bind-apply-helpers': [ '1.0.2' ],
135 silly audit   'es-define-property': [ '1.0.1' ],
135 silly audit   'es-object-atoms': [ '1.1.1' ],
135 silly audit   'function-bind': [ '1.1.2' ],
135 silly audit   'get-proto': [ '1.0.1' ],
135 silly audit   gopd: [ '1.2.0' ],
135 silly audit   'has-symbols': [ '1.1.0' ],
135 silly audit   'math-intrinsics': [ '1.1.0' ],
135 silly audit   'dunder-proto': [ '1.0.1' ],
135 silly audit   'mime-db': [ '1.52.0' ]
135 silly audit }
136 http cache mime-db@https://registry.npmjs.org/mime-db/-/mime-db-1.52.0.tgz 0ms (cache hit)
137 http cache math-intrinsics@https://registry.npmjs.org/math-intrinsics/-/math-intrinsics-1.1.0.tgz 0ms (cache hit)
138 http cache has-symbols@https://registry.npmjs.org/has-symbols/-/has-symbols-1.1.0.tgz 0ms (cache hit)
139 http cache get-proto@https://registry.npmjs.org/get-proto/-/get-proto-1.0.1.tgz 0ms (cache hit)
140 http cache gopd@https://registry.npmjs.org/gopd/-/gopd-1.2.0.tgz 0ms (cache hit)
141 http cache function-bind@https://registry.npmjs.org/function-bind/-/function-bind-1.1.2.tgz 0ms (cache hit)
142 http cache dunder-proto@https://registry.npmjs.org/dunder-proto/-/dunder-proto-1.0.1.tgz 0ms (cache hit)
143 http cache es-object-atoms@https://registry.npmjs.org/es-object-atoms/-/es-object-atoms-1.1.1.tgz 0ms (cache hit)
144 http cache es-define-property@https://registry.npmjs.org/es-define-property/-/es-define-property-1.0.1.tgz 0ms (cache hit)
145 http cache hasown@https://registry.npmjs.org/hasown/-/hasown-2.0.2.tgz 0ms (cache hit)
146 http cache call-bind-apply-helpers@https://registry.npmjs.org/call-bind-apply-helpers/-/call-bind-apply-helpers-1.0.2.tgz 0ms (cache hit)
147 http cache has-tostringtag@https://registry.npmjs.org/has-tostringtag/-/has-tostringtag-1.0.2.tgz 0ms (cache hit)
148 http cache es-errors@https://registry.npmjs.org/es-errors/-/es-errors-1.3.0.tgz 0ms (cache hit)
149 http cache get-intrinsic@https://registry.npmjs.org/get-intrinsic/-/get-intrinsic-1.3.0.tgz 0ms (cache hit)
150 http cache delayed-stream@https://registry.npmjs.org/delayed-stream/-/delayed-stream-1.0.0.tgz 0ms (cache hit)
151 http cache mime-types@https://registry.npmjs.org/mime-types/-/mime-types-2.1.35.tgz 0ms (cache hit)
152 http cache es-set-tostringtag@https://registry.npmjs.org/es-set-tostringtag/-/es-set-tostringtag-2.1.0.tgz 0ms (cache hit)
153 http cache combined-stream@https://registry.npmjs.org/combined-stream/-/combined-stream-1.0.8.tgz 0ms (cache hit)
154 http cache asynckit@https://registry.npmjs.org/asynckit/-/asynckit-0.4.0.tgz 0ms (cache hit)
155 http cache proxy-from-env@https://registry.npmjs.org/proxy-from-env/-/proxy-from-env-1.1.0.tgz 0ms (cache hit)
156 http cache form-data@https://registry.npmjs.org/form-data/-/form-data-4.0.2.tgz 0ms (cache hit)
157 http cache follow-redirects@https://registry.npmjs.org/follow-redirects/-/follow-redirects-1.15.9.tgz 0ms (cache hit)
158 http cache axios@https://registry.npmjs.org/axios/-/axios-1.8.4.tgz 0ms (cache hit)
159 http fetch POST 200 https://registry.npmjs.org/-/npm/v1/security/advisories/bulk 277ms
160 silly audit report {}
161 silly ADD node_modules/mime-db
162 silly ADD node_modules/dunder-proto
163 silly ADD node_modules/math-intrinsics
164 silly ADD node_modules/has-symbols
165 silly ADD node_modules/gopd
166 silly ADD node_modules/get-proto
167 silly ADD node_modules/function-bind
168 silly ADD node_modules/es-object-atoms
169 silly ADD node_modules/es-define-property
170 silly ADD node_modules/call-bind-apply-helpers
171 silly ADD node_modules/hasown
172 silly ADD node_modules/has-tostringtag
173 silly ADD node_modules/get-intrinsic
174 silly ADD node_modules/es-errors
175 silly ADD node_modules/delayed-stream
176 silly ADD node_modules/mime-types
177 silly ADD node_modules/es-set-tostringtag
178 silly ADD node_modules/combined-stream
179 silly ADD node_modules/asynckit
180 silly ADD node_modules/proxy-from-env
181 silly ADD node_modules/form-data
182 silly ADD node_modules/follow-redirects
183 silly ADD node_modules/axios
184 verbose cwd /home/project324273846/Public1/frontend
185 verbose os Linux 6.6.72+
186 verbose node v22.14.0
187 verbose npm  v11.3.0
188 verbose exit 0
189 info ok
